This is pdfTeX, Version 3.14159265-2.6-1.40.19 (TeX Live 2018) (preloaded format=pdflatex 2019.4.13)  18 APR 2019 16:28
entering extended mode
 restricted \write18 enabled.
 %&-line parsing enabled.
**coep_compit_report.tex
(./coep_compit_report.tex
LaTeX2e <2018-04-01> patch level 5
(/usr/share/texlive/texmf-dist/tex/latex/base/report.cls
Document Class: report 2014/09/29 v1.4h Standard LaTeX document class
(/usr/share/texlive/texmf-dist/tex/latex/base/size12.clo
File: size12.clo 2014/09/29 v1.4h Standard LaTeX file (size option)
)
\c@part=\count80
\c@chapter=\count81
\c@section=\count82
\c@subsection=\count83
\c@subsubsection=\count84
\c@paragraph=\count85
\c@subparagraph=\count86
\c@figure=\count87
\c@table=\count88
\abovecaptionskip=\skip41
\belowcaptionskip=\skip42
\bibindent=\dimen102
)
(/usr/share/texlive/texmf-dist/tex/latex/graphics/graphics.sty
Package: graphics 2017/06/25 v1.2c Standard LaTeX Graphics (DPC,SPQR)

(/usr/share/texlive/texmf-dist/tex/latex/graphics/trig.sty
Package: trig 2016/01/03 v1.10 sin cos tan (DPC)
)
(/usr/share/texlive/texmf-dist/tex/latex/graphics-cfg/graphics.cfg
File: graphics.cfg 2016/06/04 v1.11 sample graphics configuration
)
Package graphics Info: Driver file: dvips.def on input line 99.

(/usr/share/texlive/texmf-dist/tex/latex/graphics-def/dvips.def
File: dvips.def 2017/06/20 v3.1d Graphics/color driver for dvips
))
(/usr/share/texlive/texmf-dist/tex/latex/graphics/color.sty
Package: color 2016/07/10 v1.1e Standard LaTeX Color (DPC)

(/usr/share/texlive/texmf-dist/tex/latex/graphics-cfg/color.cfg
File: color.cfg 2016/01/02 v1.6 sample color configuration
)
Package color Info: Driver file: pdftex.def on input line 147.

(/usr/share/texlive/texmf-dist/tex/latex/graphics-def/pdftex.def
File: pdftex.def 2018/01/08 v1.0l Graphics/color driver for pdftex
))
(/usr/share/texlive/texmf-dist/tex/latex/graphics/epsfig.sty
Package: epsfig 2017/06/25 v1.7b (e)psfig emulation (SPQR)

(/usr/share/texlive/texmf-dist/tex/latex/graphics/graphicx.sty
Package: graphicx 2017/06/01 v1.1a Enhanced LaTeX Graphics (DPC,SPQR)

(/usr/share/texlive/texmf-dist/tex/latex/graphics/keyval.sty
Package: keyval 2014/10/28 v1.15 key=value parser (DPC)
\KV@toks@=\toks14
)
\Gin@req@height=\dimen103
\Gin@req@width=\dimen104
)
\epsfxsize=\dimen105
\epsfysize=\dimen106
)
(/usr/share/texlive/texmf-dist/tex/latex/float/float.sty
Package: float 2001/11/08 v1.3d Float enhancements (AL)
\c@float@type=\count89
\float@exts=\toks15
\float@box=\box26
\@float@everytoks=\toks16
\@floatcapt=\box27
)
(/usr/share/texlive/texmf-dist/tex/latex/hyperref/hyperref.sty
Package: hyperref 2018/02/06 v6.86b Hypertext links for LaTeX

(/usr/share/texlive/texmf-dist/tex/generic/oberdiek/hobsub-hyperref.sty
Package: hobsub-hyperref 2016/05/16 v1.14 Bundle oberdiek, subset hyperref (HO)


(/usr/share/texlive/texmf-dist/tex/generic/oberdiek/hobsub-generic.sty
Package: hobsub-generic 2016/05/16 v1.14 Bundle oberdiek, subset generic (HO)
Package: hobsub 2016/05/16 v1.14 Construct package bundles (HO)
Package: infwarerr 2016/05/16 v1.4 Providing info/warning/error messages (HO)
Package: ltxcmds 2016/05/16 v1.23 LaTeX kernel commands for general use (HO)
Package: ifluatex 2016/05/16 v1.4 Provides the ifluatex switch (HO)
Package ifluatex Info: LuaTeX not detected.
Package: ifvtex 2016/05/16 v1.6 Detect VTeX and its facilities (HO)
Package ifvtex Info: VTeX not detected.
Package: intcalc 2016/05/16 v1.2 Expandable calculations with integers (HO)
Package: ifpdf 2017/03/15 v3.2 Provides the ifpdf switch
Package: etexcmds 2016/05/16 v1.6 Avoid name clashes with e-TeX commands (HO)
Package etexcmds Info: Could not find \expanded.
(etexcmds)             That can mean that you are not using pdfTeX 1.50 or
(etexcmds)             that some package has redefined \expanded.
(etexcmds)             In the latter case, load this package earlier.
Package: kvsetkeys 2016/05/16 v1.17 Key value parser (HO)
Package: kvdefinekeys 2016/05/16 v1.4 Define keys (HO)
Package: pdftexcmds 2018/01/30 v0.27 Utility functions of pdfTeX for LuaTeX (HO
)
Package pdftexcmds Info: LuaTeX not detected.
Package pdftexcmds Info: \pdf@primitive is available.
Package pdftexcmds Info: \pdf@ifprimitive is available.
Package pdftexcmds Info: \pdfdraftmode found.
Package: pdfescape 2016/05/16 v1.14 Implements pdfTeX's escape features (HO)
Package: bigintcalc 2016/05/16 v1.4 Expandable calculations on big integers (HO
)
Package: bitset 2016/05/16 v1.2 Handle bit-vector datatype (HO)
Package: uniquecounter 2016/05/16 v1.3 Provide unlimited unique counter (HO)
)
Package hobsub Info: Skipping package `hobsub' (already loaded).
Package: letltxmacro 2016/05/16 v1.5 Let assignment for LaTeX macros (HO)
Package: hopatch 2016/05/16 v1.3 Wrapper for package hooks (HO)
Package: xcolor-patch 2016/05/16 xcolor patch
Package: atveryend 2016/05/16 v1.9 Hooks at the very end of document (HO)
Package atveryend Info: \enddocument detected (standard20110627).
Package: atbegshi 2016/06/09 v1.18 At begin shipout hook (HO)
Package: refcount 2016/05/16 v3.5 Data extraction from label references (HO)
Package: hycolor 2016/05/16 v1.8 Color options for hyperref/bookmark (HO)
)
(/usr/share/texlive/texmf-dist/tex/generic/ifxetex/ifxetex.sty
Package: ifxetex 2010/09/12 v0.6 Provides ifxetex conditional
)
(/usr/share/texlive/texmf-dist/tex/latex/oberdiek/auxhook.sty
Package: auxhook 2016/05/16 v1.4 Hooks for auxiliary files (HO)
)
(/usr/share/texlive/texmf-dist/tex/latex/oberdiek/kvoptions.sty
Package: kvoptions 2016/05/16 v3.12 Key value format for package options (HO)
)
\@linkdim=\dimen107
\Hy@linkcounter=\count90
\Hy@pagecounter=\count91

(/usr/share/texlive/texmf-dist/tex/latex/hyperref/pd1enc.def
File: pd1enc.def 2018/02/06 v6.86b Hyperref: PDFDocEncoding definition (HO)
Now handling font encoding PD1 ...
... no UTF-8 mapping file for font encoding PD1
)
\Hy@SavedSpaceFactor=\count92

(/usr/share/texlive/texmf-dist/tex/latex/latexconfig/hyperref.cfg
File: hyperref.cfg 2002/06/06 v1.2 hyperref configuration of TeXLive
)
Package hyperref Info: Hyper figures OFF on input line 4509.
Package hyperref Info: Link nesting OFF on input line 4514.
Package hyperref Info: Hyper index ON on input line 4517.
Package hyperref Info: Plain pages OFF on input line 4524.
Package hyperref Info: Backreferencing OFF on input line 4529.
Package hyperref Info: Implicit mode ON; LaTeX internals redefined.
Package hyperref Info: Bookmarks ON on input line 4762.
\c@Hy@tempcnt=\count93

(/usr/share/texlive/texmf-dist/tex/latex/url/url.sty
\Urlmuskip=\muskip10
Package: url 2013/09/16  ver 3.4  Verb mode for urls, etc.
)
LaTeX Info: Redefining \url on input line 5115.
\XeTeXLinkMargin=\dimen108
\Fld@menulength=\count94
\Field@Width=\dimen109
\Fld@charsize=\dimen110
Package hyperref Info: Hyper figures OFF on input line 6369.
Package hyperref Info: Link nesting OFF on input line 6374.
Package hyperref Info: Hyper index ON on input line 6377.
Package hyperref Info: backreferencing OFF on input line 6384.
Package hyperref Info: Link coloring OFF on input line 6389.
Package hyperref Info: Link coloring with OCG OFF on input line 6394.
Package hyperref Info: PDF/A mode OFF on input line 6399.
LaTeX Info: Redefining \ref on input line 6439.
LaTeX Info: Redefining \pageref on input line 6443.
\Hy@abspage=\count95
\c@Item=\count96
\c@Hfootnote=\count97
)
Package hyperref Info: Driver (autodetected): hpdftex.

(/usr/share/texlive/texmf-dist/tex/latex/hyperref/hpdftex.def
File: hpdftex.def 2018/02/06 v6.86b Hyperref driver for pdfTeX
\Fld@listcount=\count98
\c@bookmark@seq@number=\count99

(/usr/share/texlive/texmf-dist/tex/latex/oberdiek/rerunfilecheck.sty
Package: rerunfilecheck 2016/05/16 v1.8 Rerun checks for auxiliary files (HO)
Package uniquecounter Info: New unique counter `rerunfilecheck' on input line 2
82.
)
\Hy@SectionHShift=\skip43
)
(/usr/share/texlive/texmf-dist/tex/latex/geometry/geometry.sty
Package: geometry 2018/04/16 v5.8 Page Geometry
\Gm@cnth=\count100
\Gm@cntv=\count101
\c@Gm@tempcnt=\count102
\Gm@bindingoffset=\dimen111
\Gm@wd@mp=\dimen112
\Gm@odd@mp=\dimen113
\Gm@even@mp=\dimen114
\Gm@layoutwidth=\dimen115
\Gm@layoutheight=\dimen116
\Gm@layouthoffset=\dimen117
\Gm@layoutvoffset=\dimen118
\Gm@dimlist=\toks17
)
(./coep_compit_report.aux

LaTeX Warning: Label `notes' multiply defined.


LaTeX Warning: Label `notes' multiply defined.


LaTeX Warning: Label `notes' multiply defined.


LaTeX Warning: Label `notes' multiply defined.


LaTeX Warning: Label `notes' multiply defined.


LaTeX Warning: Label `notes' multiply defined.


LaTeX Warning: Label `notes' multiply defined.


LaTeX Warning: Label `notes' multiply defined.


LaTeX Warning: Label `notes' multiply defined.


LaTeX Warning: Label `notes' multiply defined.

)
\openout1 = `coep_compit_report.aux'.

LaTeX Font Info:    Checking defaults for OML/cmm/m/it on input line 49.
LaTeX Font Info:    ... okay on input line 49.
LaTeX Font Info:    Checking defaults for T1/cmr/m/n on input line 49.
LaTeX Font Info:    ... okay on input line 49.
LaTeX Font Info:    Checking defaults for OT1/cmr/m/n on input line 49.
LaTeX Font Info:    ... okay on input line 49.
LaTeX Font Info:    Checking defaults for OMS/cmsy/m/n on input line 49.
LaTeX Font Info:    ... okay on input line 49.
LaTeX Font Info:    Checking defaults for OMX/cmex/m/n on input line 49.
LaTeX Font Info:    ... okay on input line 49.
LaTeX Font Info:    Checking defaults for U/cmr/m/n on input line 49.
LaTeX Font Info:    ... okay on input line 49.
LaTeX Font Info:    Checking defaults for PD1/pdf/m/n on input line 49.
LaTeX Font Info:    ... okay on input line 49.
 (/usr/share/texlive/texmf-dist/tex/latex/oberdiek/epstopdf-base.sty
Package: epstopdf-base 2016/05/15 v2.6 Base part for package epstopdf

(/usr/share/texlive/texmf-dist/tex/latex/oberdiek/grfext.sty
Package: grfext 2016/05/16 v1.2 Manage graphics extensions (HO)
)
Package epstopdf-base Info: Redefining graphics rule for `.eps' on input line 4
38.
Package grfext Info: Graphics extension search list:
(grfext)             [.pdf,.png,.jpg,.mps,.jpeg,.jbig2,.jb2,.PDF,.PNG,.JPG,.JPE
G,.JBIG2,.JB2,.eps]
(grfext)             \AppendGraphicsExtensions on input line 456.

(/usr/share/texlive/texmf-dist/tex/latex/latexconfig/epstopdf-sys.cfg
File: epstopdf-sys.cfg 2010/07/13 v1.3 Configuration of (r)epstopdf for TeX Liv
e
))
\AtBeginShipoutBox=\box28
Package hyperref Info: Link coloring OFF on input line 49.

(/usr/share/texlive/texmf-dist/tex/latex/hyperref/nameref.sty
Package: nameref 2016/05/21 v2.44 Cross-referencing by name of section

(/usr/share/texlive/texmf-dist/tex/generic/oberdiek/gettitlestring.sty
Package: gettitlestring 2016/05/16 v1.5 Cleanup title references (HO)
)
\c@section@level=\count103
)
LaTeX Info: Redefining \ref on input line 49.
LaTeX Info: Redefining \pageref on input line 49.
LaTeX Info: Redefining \nameref on input line 49.

(./coep_compit_report.out) (./coep_compit_report.out)
\@outlinefile=\write3
\openout3 = `coep_compit_report.out'.


*geometry* driver: auto-detecting
*geometry* detected driver: pdftex
*geometry* verbose mode - [ preamble ] result:
* driver: pdftex
* paper: a4paper
* layout: <same size as paper>
* layoutoffset:(h,v)=(0.0pt,0.0pt)
* bindingoffset: 14.22636pt
* modes: 
* h-part:(L,W,R)=(71.13188pt, 455.24413pt, 56.9055pt)
* v-part:(T,H,B)=(56.9055pt, 731.23584pt, 56.9055pt)
* \paperwidth=597.50787pt
* \paperheight=845.04684pt
* \textwidth=469.75499pt
* \textheight=722.7pt
* \oddsidemargin=0.0pt
* \evensidemargin=-1.1381pt
* \topmargin=0.0pt
* \headheight=0.0pt
* \headsep=0.0pt
* \topskip=0.0pt
* \footskip=30.0pt
* \marginparwidth=35.0pt
* \marginparsep=10.0pt
* \columnsep=10.0pt
* \skip\footins=10.8pt plus 4.0pt minus 2.0pt
* \hoffset=0.0pt
* \voffset=0.0pt
* \mag=1000
* \@twocolumnfalse
* \@twosidefalse
* \@mparswitchfalse
* \@reversemarginfalse
* (1in=72.27pt=25.4mm, 1cm=28.453pt)

(./titlepage.tex
LaTeX Font Info:    External font `cmex10' loaded for size
(Font)              <12> on input line 13.
LaTeX Font Info:    External font `cmex10' loaded for size
(Font)              <8> on input line 13.
LaTeX Font Info:    External font `cmex10' loaded for size
(Font)              <6> on input line 13.
 [1
Non-PDF special ignored!
<special> papersize=597.50787pt,845.04684pt

{/usr/share/texlive/texmf-dist/fonts/map/pdftex/updmap/pdftex.map}])
(./certi.tex) (./abstract.texpdfTeX warning (ext4): destination with the same i
dentifier (name{page.1}) has been already used, duplicate ignored
<to be read again> 
                   \relax 
l.6 \newpage
             [1]) [2] (./coep_compit_report.toc
LaTeX Font Info:    External font `cmex10' loaded for size
(Font)              <14.4> on input line 3.
LaTeX Font Info:    External font `cmex10' loaded for size
(Font)              <7> on input line 3.
 [3

])
\tf@toc=\write4
\openout4 = `coep_compit_report.toc'.

 [1]
(./coep_compit_report.lof)
\tf@lof=\write5
\openout5 = `coep_compit_report.lof'.

 [2

] (./chapter_1.tex
Chapter 1.
pdfTeX warning (ext4): destination with the same identifier (name{page.1}) has 
been already used, duplicate ignored
<to be read again> 
                   \relax 
l.19 
      [1

]pdfTeX warning (ext4): destination with the same identifier (name{page.2}) has
 been already used, duplicate ignored
<to be read again> 
                   \relax 
l.23 
      [2]
LaTeX Font Info:    Try loading font information for OMS+cmr on input line 32.
 (/usr/share/texlive/texmf-dist/tex/latex/base/omscmr.fd
File: omscmr.fd 2014/09/29 v2.5h Standard LaTeX font definitions
)
LaTeX Font Info:    Font shape `OMS/cmr/m/n' in size <14.4> not available
(Font)              Font shape `OMS/cmsy/m/n' tried instead on input line 32.
pdfTeX warning (ext4): destination with the same identifier (name{page.3}) has 
been already used, duplicate ignored
<to be read again> 
                   \relax 
l.34 	\end{itemize}
                    [3]
<./figs/artificial_neuron.png, id=258, 653.44125pt x 332.24126pt>
File: ./figs/artificial_neuron.png Graphic file (type png)
<use ./figs/artificial_neuron.png>
Package pdftex.def Info: ./figs/artificial_neuron.png  used on input line 38.
(pdftex.def)             Requested size: 433.62pt x 220.47125pt.
<./figs/multilayer_nn.png, id=260, 692.5875pt x 484.81125pt>
File: ./figs/multilayer_nn.png Graphic file (type png)
<use ./figs/multilayer_nn.png>
Package pdftex.def Info: ./figs/multilayer_nn.png  used on input line 47.
(pdftex.def)             Requested size: 433.62pt x 303.53891pt.
 [4 <./figs/artificial_neuron.png>] [5 <./figs/multilayer_nn.png>]
<./figs/cnn.png, id=270, 889.3225pt x 227.85126pt>
File: ./figs/cnn.png Graphic file (type png)
<use ./figs/cnn.png>
Package pdftex.def Info: ./figs/cnn.png  used on input line 61.
(pdftex.def)             Requested size: 433.62pt x 111.09529pt.
 [6 <./figs/cnn.png>]) (./chapter_2.tex [7] [8]
Chapter 2.
[9

] [10]) (./chapter_3.tex [11]
Chapter 3.
[12

]) (./chapter_4.tex [13]
Chapter 4.
<./figs/architecture.png, id=307, 944.52875pt x 473.77pt>
File: ./figs/architecture.png Graphic file (type png)
<use ./figs/architecture.png>
Package pdftex.def Info: ./figs/architecture.png  used on input line 16.
(pdftex.def)             Requested size: 433.62pt x 217.5031pt.
[14

] [15 <./figs/architecture.png>] [16] [17] [18]
<./figs/grayscale.jpg, id=332, 769.87625pt x 83.31125pt>
File: ./figs/grayscale.jpg Graphic file (type jpg)
<use ./figs/grayscale.jpg>
Package pdftex.def Info: ./figs/grayscale.jpg  used on input line 64.
(pdftex.def)             Requested size: 433.62pt x 46.92474pt.
<./figs/adaptive.jpg, id=333, 769.87625pt x 83.31125pt>
File: ./figs/adaptive.jpg Graphic file (type jpg)
<use ./figs/adaptive.jpg>
Package pdftex.def Info: ./figs/adaptive.jpg  used on input line 73.
(pdftex.def)             Requested size: 433.62pt x 46.92474pt.
<./figs/dilation.jpg, id=334, 769.87625pt x 83.31125pt>
File: ./figs/dilation.jpg Graphic file (type jpg)
<use ./figs/dilation.jpg>
Package pdftex.def Info: ./figs/dilation.jpg  used on input line 82.
(pdftex.def)             Requested size: 433.62pt x 46.92474pt.
 [19 <./figs/grayscale.jpg> <./figs/adaptive.jpg>]
<./figs/contour.jpg, id=342, 769.87625pt x 83.31125pt>
File: ./figs/contour.jpg Graphic file (type jpg)
<use ./figs/contour.jpg>
Package pdftex.def Info: ./figs/contour.jpg  used on input line 91.
(pdftex.def)             Requested size: 433.62pt x 46.92474pt.
 [20 <./figs/dilation.jpg>]
<./figs/labelling1.jpg, id=349, 561.59813pt x 182.93344pt>
File: ./figs/labelling1.jpg Graphic file (type jpg)
<use ./figs/labelling1.jpg>
Package pdftex.def Info: ./figs/labelling1.jpg  used on input line 100.
(pdftex.def)             Requested size: 433.62pt x 141.24437pt.
<./figs/labelling2.jpg, id=350, 573.64313pt x 246.1697pt>
File: ./figs/labelling2.jpg Graphic file (type jpg)
<use ./figs/labelling2.jpg>
Package pdftex.def Info: ./figs/labelling2.jpg  used on input line 107.
(pdftex.def)             Requested size: 433.62pt x 186.08423pt.
 [21 <./figs/contour.jpg> <./figs/labelling1.jpg>]
<./figs/model.png, id=355, 388.45125pt x 948.54375pt>
File: ./figs/model.png Graphic file (type png)
<use ./figs/model.png>
Package pdftex.def Info: ./figs/model.png  used on input line 116.
(pdftex.def)             Requested size: 289.07999pt x 705.9061pt.
 [22 <./figs/labelling2.jpg>]
Overfull \vbox (17.28941pt too high) has occurred while \output is active []


[23 <./figs/model.png>]
<./figs/ocr.png, id=365, 595.47469pt x 276.28218pt>
File: ./figs/ocr.png Graphic file (type png)
<use ./figs/ocr.png>
Package pdftex.def Info: ./figs/ocr.png  used on input line 129.
(pdftex.def)             Requested size: 433.62pt x 201.18684pt.
 [24 <./figs/ocr.png>] [25]
<./figs/node.png, id=376, 495.8525pt x 312.16624pt>
File: ./figs/node.png Graphic file (type png)
<use ./figs/node.png>
Package pdftex.def Info: ./figs/node.png  used on input line 162.
(pdftex.def)             Requested size: 433.62pt x 272.9876pt.
 [26]
<./figs/process1.jpg, id=381, 497.60907pt x 722.7pt>
File: ./figs/process1.jpg Graphic file (type jpg)
<use ./figs/process1.jpg>
Package pdftex.def Info: ./figs/process1.jpg  used on input line 171.
(pdftex.def)             Requested size: 433.62pt x 629.7805pt.
 [27 <./figs/node.png>]
<./figs/process2.png, id=388, 781.41937pt x 431.36156pt>
File: ./figs/process2.png Graphic file (type png)
<use ./figs/process2.png>
Package pdftex.def Info: ./figs/process2.png  used on input line 178.
(pdftex.def)             Requested size: 433.62pt x 239.369pt.

[28 <./figs/process1.jpg>]
<./figs/process3.png, id=394, 381.67593pt x 502.12593pt>
File: ./figs/process3.png Graphic file (type png)
<use ./figs/process3.png>
Package pdftex.def Info: ./figs/process3.png  used on input line 186.
(pdftex.def)             Requested size: 433.62pt x 570.48341pt.
 [29 <./figs/process2.png (PNG copy)>])
(./chapter_5.tex [30 <./figs/process3.png (PNG copy)>]
Underfull \hbox (badness 1173) in paragraph at lines 7--8
[]\OT1/cmr/m/n/14.4 M. Ba-log, A. L. Gaunt, M. Brockschmidt, S. Nowozin, and D.

 []


Underfull \hbox (badness 3482) in paragraph at lines 7--8
\OT1/cmr/m/n/14.4 Tar-low. Deep-coder: Learn-ing to write pro-grams.arXiv prepr
int
 []

[31

pdfTeX warning (ext4): destination with the same identifier (name{cite.notes}) 
has been already used, duplicate ignored

\AtBegShi@Output ...ipout \box \AtBeginShipoutBox 
                                                  \fi \fi 
l.13   \bibitem{notes}
                       Rich feature hierarchies for accurate object detectio...
pdfTeX warning (ext4): destination with the same identifier (name{cite.notes}) 
has been already used, duplicate ignored

\AtBegShi@Output ...ipout \box \AtBeginShipoutBox 
                                                  \fi \fi 
l.13   \bibitem{notes}
                       Rich feature hierarchies for accurate object detectio...
pdfTeX warning (ext4): destination with the same identifier (name{cite.notes}) 
has been already used, duplicate ignored

\AtBegShi@Output ...ipout \box \AtBeginShipoutBox 
                                                  \fi \fi 
l.13   \bibitem{notes}
                       Rich feature hierarchies for accurate object detectio...
pdfTeX warning (ext4): destination with the same identifier (name{cite.notes}) 
has been already used, duplicate ignored

\AtBegShi@Output ...ipout \box \AtBeginShipoutBox 
                                                  \fi \fi 
l.13   \bibitem{notes}
                       Rich feature hierarchies for accurate object detectio...
pdfTeX warning (ext4): destination with the same identifier (name{cite.notes}) 
has been already used, duplicate ignored

\AtBegShi@Output ...ipout \box \AtBeginShipoutBox 
                                                  \fi \fi 
l.13   \bibitem{notes}
                       Rich feature hierarchies for accurate object detectio...
]pdfTeX warning (ext4): destination with the same identifier (name{cite.notes})
 has been already used, duplicate ignored
<to be read again> 
                   \relax 
l.13   \bibitem{notes}
                       Rich feature hierarchies for accurate object detectio...
pdfTeX warning (ext4): destination with the same identifier (name{cite.notes}) 
has been already used, duplicate ignored
<to be read again> 
                   \relax 
l.14   \bibitem{notes}
                       Faster R-CNN: Towards Real-Time Object Detection with...
pdfTeX warning (ext4): destination with the same identifier (name{cite.notes}) 
has been already used, duplicate ignored
<to be read again> 
                   \relax 
l.15   \bibitem{notes}
                       You Only Look Once: Unified, Real-Time Object Detecti...

Underfull \hbox (badness 4556) in paragraph at lines 15--16
[]\OT1/cmr/m/n/14.4 You Only Look Once: Uni-fied, Real-Time Ob-ject De-tec-tion
.
 []

pdfTeX warning (ext4): destination with the same identifier (name{cite.notes}) 
has been already used, duplicate ignored
<to be read again> 
                   \relax 
l.16   \bibitem{notes}
                       An Overview of the Tesseract OCR Engine. https://rese...

Underfull \hbox (badness 10000) in paragraph at lines 16--17
[]\OT1/cmr/m/n/14.4 An Overview of the Tesser-act OCR En-gine.
 []

)
Package atveryend Info: Empty hook `BeforeClearDocument' on input line 86.
 [32pdfTeX warning (ext4): destination with the same identifier (name{cite.note
s}) has been already used, duplicate ignored

\AtBegShi@Output ...ipout \box \AtBeginShipoutBox 
                                                  \fi \fi 
l.86 \end{document}
                   			% End of Report]
Package atveryend Info: Empty hook `AfterLastShipout' on input line 86.
 (./coep_compit_report.aux)
Package atveryend Info: Executing hook `AtVeryEndDocument' on input line 86.
Package atveryend Info: Executing hook `AtEndAfterFileList' on input line 86.
Package rerunfilecheck Info: File `coep_compit_report.out' has not changed.
(rerunfilecheck)             Checksum: FDA606A663155D8751C86330A31EDD1C;2391.


LaTeX Warning: There were multiply-defined labels.

Package atveryend Info: Empty hook `AtVeryVeryEnd' on input line 86.
 ) 
Here is how much of TeX's memory you used:
 5583 strings out of 494587
 83201 string characters out of 6177759
 173650 words of memory out of 5000000
 9042 multiletter control sequences out of 15000+600000
 11005 words of font info for 37 fonts, out of 8000000 for 9000
 14 hyphenation exceptions out of 8191
 30i,10n,28p,959b,424s stack positions out of 5000i,500n,10000p,200000b,80000s
</usr/share/texlive/texmf-dist/fonts/type1/public/amsfonts/cm/cmbx12.pfb></us
r/share/texlive/texmf-dist/fonts/type1/public/amsfonts/cm/cmr12.pfb></usr/share
/texlive/texmf-dist/fonts/type1/public/amsfonts/cm/cmr17.pfb></usr/share/texliv
e/texmf-dist/fonts/type1/public/amsfonts/cm/cmsy10.pfb></usr/share/texlive/texm
f-dist/fonts/type1/public/amsfonts/cm/cmti12.pfb></usr/share/texlive/texmf-dist
/fonts/type1/public/amsfonts/cm/cmtt12.pfb>
Output written on coep_compit_report.pdf (38 pages, 811092 bytes).
PDF statistics:
 464 PDF objects out of 1000 (max. 8388607)
 393 compressed objects within 4 object streams
 101 named destinations out of 1000 (max. 500000)
 369 words of extra memory for PDF output out of 10000 (max. 10000000)

